[2026-07-02 13:56:57] Deploying ContainerLAB topology...
13:56:57 INFO Containerlab started version=0.75.0
13:56:57 INFO Parsing & checking topology file=lab.yml
13:56:57 INFO Creating docker network name=br-frr-srv6 IPv4 subnet=172.28.1.0/24 IPv6 subnet="" MTU=0
13:56:57 INFO Creating lab directory path=/Users/dbono/dev/src/github.com/clab-frr-srv6/clab-frr-srv6
13:56:57 INFO unable to adjust Labdir file ACLs: operation not supported
13:56:57 INFO Creating container name=c1
13:56:57 INFO Creating container name=c3
13:56:57 INFO Creating container name=p2
13:56:57 INFO Creating container name=pe2
13:56:57 INFO Creating container name=p4
13:56:57 INFO Creating container name=bdr1
13:56:57 INFO Creating container name=pe1
13:56:57 INFO Creating container name=grafana
13:56:57 INFO Creating container name=p3
13:56:57 INFO Creating container name=promtail
13:56:57 INFO Creating container name=p1
13:56:58 INFO Created link: p2:eth3 ▪┄┄▪ p4:eth1
13:56:58 INFO Creating container name=c2
13:56:58 INFO Creating container name=rrv6
13:56:58 INFO Creating container name=loki
13:56:58 INFO Created link: p3:eth3 ▪┄┄▪ p4:eth2
13:56:58 INFO Created link: c3:eth1 ▪┄┄▪ pe1:eth4
13:56:58 INFO Created link: pe2:eth1 ▪┄┄▪ p4:eth3
13:56:58 INFO Created link: bdr1:eth1 ▪┄┄▪ p2:eth2
13:56:58 INFO Created link: c1:eth1 ▪┄┄▪ pe1:eth3
13:56:58 INFO Created link: p1:eth2 ▪┄┄▪ p2:eth1
13:56:58 INFO Created link: p1:eth3 ▪┄┄▪ p3:eth1
13:56:58 INFO Created link: pe1:eth1 ▪┄┄▪ p1:eth1
13:56:58 INFO Created link: c2:eth1 ▪┄┄▪ pe2:eth3
13:56:58 INFO Created link: p1:eth4 ▪┄┄▪ rrv6:eth1
13:56:59 INFO Executed command node=rrv6 command="bash /config/rrv6.sh" stdout=""
13:56:59 INFO Executed command node=p1 command="bash /config/p1.sh" stdout=""
13:56:59 INFO Executed command node=c2 command="bash /tmp/client2.sh" stdout=""
13:56:59 INFO Executed command node=p2 command="bash /config/p2.sh" stdout=""
13:56:59 INFO Executed command node=p4 command="bash /config/p4.sh" stdout=""
13:56:59 INFO Executed command node=p3 command="bash /config/p3.sh" stdout=""
13:56:59 INFO Executed command node=bdr1 command="bash /config/bdr1.sh"
  stdout=
  │ net.ipv6.conf.all.forwarding = 1
  │ net.ipv6.conf.all.seg6_enabled = 1
  │ net.vrf.strict_mode = 1

13:56:59 INFO Executed command node=c3 command="bash /tmp/client3.sh" stdout=""
13:56:59 INFO Executed command node=pe1 command="bash /config/pe1.sh"
  stdout=
  │ net.ipv6.conf.all.forwarding = 1
  │ net.ipv6.conf.all.seg6_enabled = 1
  │ net.vrf.strict_mode = 1

13:56:59 INFO Executed command node=pe2 command="bash /config/pe2.sh"
  stdout=
  │ net.ipv6.conf.all.forwarding = 1
  │ net.ipv6.conf.all.seg6_enabled = 1
  │ net.vrf.strict_mode = 1

13:56:59 INFO Executed command node=c1 command="bash /tmp/client1.sh" stdout=""
13:56:59 INFO Adding host entries path=/etc/hosts
13:56:59 INFO Adding SSH config for nodes path=/etc/ssh/ssh_config.d/clab-frr-srv6.conf
13:56:59 INFO containerlab version
  🎉=
  │ A newer containerlab version (0.77.0) is available!
  │ Release notes: https://containerlab.dev/rn/0.77/
  │ Run 'clab version upgrade' or see https://containerlab.dev/install/ for other installation options.
[1m╭[0m[1m────────────────────────[0m[1m┬[0m[1m──────────────────────────────────────[0m[1m┬[0m[1m─────────[0m[1m┬[0m[1m────────────────[0m[1m╮[0m
[1m│[0m[1m          Name          [0m[1m│[0m[1m              Kind/Image              [0m[1m│[0m[1m  State  [0m[1m│[0m[1m IPv4/6 Address [0m[1m│[0m
[1m├[0m[1m────────────────────────[0m[1m┼[0m[1m──────────────────────────────────────[0m[1m┼[0m[1m─────────[0m[1m┼[0m[1m────────────────[0m[1m┤[0m
│ clab-frr-srv6-bdr1     │ linux                                │ running │ 172.28.1.15    │
│                        │ quay.io/frrouting/frr:10.6.1         │         │ N/A            │
├────────────────────────┼──────────────────────────────────────┼─────────┼────────────────┤
│ clab-frr-srv6-c1       │ linux                                │ running │ 172.28.1.9     │
│                        │ wbitt/network-multitool:alpine-extra │         │ N/A            │
├────────────────────────┼──────────────────────────────────────┼─────────┼────────────────┤
│ clab-frr-srv6-c2       │ linux                                │ running │ 172.28.1.10    │
│                        │ wbitt/network-multitool:alpine-extra │         │ N/A            │
├────────────────────────┼──────────────────────────────────────┼─────────┼────────────────┤
│ clab-frr-srv6-c3       │ linux                                │ running │ 172.28.1.11    │
│                        │ wbitt/network-multitool:alpine-extra │         │ N/A            │
├────────────────────────┼──────────────────────────────────────┼─────────┼────────────────┤
│ clab-frr-srv6-grafana  │ linux                                │ running │ 172.28.1.14    │
│                        │ grafana/grafana:12.0.2               │         │ N/A            │
├────────────────────────┼──────────────────────────────────────┼─────────┼────────────────┤
│ clab-frr-srv6-loki     │ linux                                │ running │ 172.28.1.13    │
│                        │ grafana/loki:3.5.2                   │         │ N/A            │
├────────────────────────┼──────────────────────────────────────┼─────────┼────────────────┤
│ clab-frr-srv6-p1       │ linux                                │ running │ 172.28.1.4     │
│                        │ quay.io/frrouting/frr:10.6.1         │         │ N/A            │
├────────────────────────┼──────────────────────────────────────┼─────────┼────────────────┤
│ clab-frr-srv6-p2       │ linux                                │ running │ 172.28.1.5     │
│                        │ quay.io/frrouting/frr:10.6.1         │         │ N/A            │
├────────────────────────┼──────────────────────────────────────┼─────────┼────────────────┤
│ clab-frr-srv6-p3       │ linux                                │ running │ 172.28.1.6     │
│                        │ quay.io/frrouting/frr:10.6.1         │         │ N/A            │
├────────────────────────┼──────────────────────────────────────┼─────────┼────────────────┤
│ clab-frr-srv6-p4       │ linux                                │ running │ 172.28.1.7     │
│                        │ quay.io/frrouting/frr:10.6.1         │         │ N/A            │
├────────────────────────┼──────────────────────────────────────┼─────────┼────────────────┤
│ clab-frr-srv6-pe1      │ linux                                │ running │ 172.28.1.2     │
│                        │ quay.io/frrouting/frr:10.6.1         │         │ N/A            │
├────────────────────────┼──────────────────────────────────────┼─────────┼────────────────┤
│ clab-frr-srv6-pe2      │ linux                                │ running │ 172.28.1.3     │
│                        │ quay.io/frrouting/frr:10.6.1         │         │ N/A            │
├────────────────────────┼──────────────────────────────────────┼─────────┼────────────────┤
│ clab-frr-srv6-promtail │ linux                                │ running │ 172.28.1.12    │
│                        │ grafana/promtail:3.5.2               │         │ N/A            │
├────────────────────────┼──────────────────────────────────────┼─────────┼────────────────┤
│ clab-frr-srv6-rrv6     │ linux                                │ running │ 172.28.1.8     │
│                        │ quay.io/frrouting/frr:10.6.1         │         │ N/A            │
╰────────────────────────┴──────────────────────────────────────┴─────────┴────────────────╯
[2026-07-02 13:56:57] ContainerLAB topology successfully deployed.
[2026-07-02 13:57:04] Starting configuration...
